[35m[1mScanning dependencies of target rgb_pkg_node[0m
[ 50%] [32mBuilding CXX object CMakeFiles/rgb_pkg_node.dir/src/rgb_pkg_node.cpp.o[0m
[01m[K/home/lin/catkin_ws/src/rgb_pkg/src/rgb_pkg_node.cpp:[m[K In function â€˜[01m[Kint main()[m[Kâ€™:
[01m[K/home/lin/catkin_ws/src/rgb_pkg/src/rgb_pkg_node.cpp:7:27:[m[K [01;31m[Kerror: [m[Kâ€˜[01m[KCV_8U3C[m[Kâ€™ was not declared in this scope; did you mean â€˜[01m[KCV_8UC3[m[Kâ€™?
    7 |     cv::Mat image(400,600,[01;31m[KCV_8U3C[m[K, cv::Scala(0,0,0));
      |                           [01;31m[K^~~~~~~[m[K
      |                           [32m[KCV_8UC3[m[K
[01m[K/home/lin/catkin_ws/src/rgb_pkg/src/rgb_pkg_node.cpp:7:40:[m[K [01;31m[Kerror: [m[Kâ€˜[01m[KScala[m[Kâ€™ is not a member of â€˜[01m[Kcv[m[Kâ€™; did you mean â€˜[01m[KScalar[m[Kâ€™?
    7 |     cv::Mat image(400,600,CV_8U3C, cv::[01;31m[KScala[m[K(0,0,0));
      |                                        [01;31m[K^~~~~[m[K
      |                                        [32m[KScalar[m[K
[01m[K/home/lin/catkin_ws/src/rgb_pkg/src/rgb_pkg_node.cpp:14:40:[m[K [01;31m[Kerror: [m[Kâ€˜[01m[KVec3b[m[Kâ€™ was not declared in this scope; did you mean â€˜[01m[Kcv::Vec3b[m[Kâ€™?
   14 |             image.at<cv::Vec3b>(y,x) = [01;31m[KVec3b[m[K(0,255,0);//è®¾ç½®ä¸ºRGBé¢œè‰²ç©ºé—´çš„ç»¿è‰²
      |                                        [01;31m[K^~~~~[m[K
      |                                        [32m[Kcv::Vec3b[m[K
In file included from [01m[K/usr/include/opencv4/opencv2/core.hpp:57[m[K,
                 from [01m[K/usr/include/opencv4/opencv2/opencv.hpp:52[m[K,
                 from [01m[K/home/lin/catkin_ws/src/rgb_pkg/src/rgb_pkg_node.cpp:2[m[K:
[01m[K/usr/include/opencv4/opencv2/core/matx.hpp:401:23:[m[K [01;36m[Knote: [m[Kâ€˜[01m[Kcv::Vec3b[m[Kâ€™ declared here
  401 | typedef Vec<uchar, 3> [01;36m[KVec3b[m[K;
      |                       [01;36m[K^~~~~[m[K
make[2]: *** [CMakeFiles/rgb_pkg_node.dir/build.make:63: CMakeFiles/rgb_pkg_node.dir/src/rgb_pkg_node.cpp.o] Error 1
make[1]: *** [CMakeFiles/Makefile2:276: CMakeFiles/rgb_pkg_node.dir/all] Error 2
make: *** [Makefile:141: all] Error 2
