[01m[K/home/lin/catkin_ws/src/opencv_test/src/opencv_test_node.cpp:[m[K In function â€˜[01m[Kint main()[m[Kâ€™:
[01m[K/home/lin/catkin_ws/src/opencv_test/src/opencv_test_node.cpp:22:5:[m[K [01;31m[Kerror: [m[Kâ€˜[01m[Krerurn[m[Kâ€™ was not declared in this scope
   22 |     [01;31m[Krerurn[m[K 0;
      |     [01;31m[K^~~~~~[m[K
make[2]: *** [CMakeFiles/opencv_test_node.dir/build.make:63: CMakeFiles/opencv_test_node.dir/src/opencv_test_node.cpp.o] Error 1
make[1]: *** [CMakeFiles/Makefile2:249: CMakeFiles/opencv_test_node.dir/all] Error 2
make: *** [Makefile:141: all] Error 2
